0 info it worked if it ends with ok
1 verbose cli [
1 verbose cli   '/home/brandoncoding18/.nvm/versions/node/v20.10.0/bin/node',
1 verbose cli   '/home/brandoncoding18/.nvm/versions/node/v20.10.0/bin/npm',
1 verbose cli   'start'
1 verbose cli ]
2 info using npm@3.10.10
3 info using node@v20.10.0
4 verbose run-script [ 'prestart', 'start', 'poststart' ]
5 info lifecycle kanbas-node-server-app@1.0.0~prestart: kanbas-node-server-app@1.0.0
6 silly lifecycle kanbas-node-server-app@1.0.0~prestart: no script for prestart, continuing
7 info lifecycle kanbas-node-server-app@1.0.0~start: kanbas-node-server-app@1.0.0
8 verbose lifecycle kanbas-node-server-app@1.0.0~start: unsafe-perm in lifecycle true
9 verbose lifecycle kanbas-node-server-app@1.0.0~start: PATH: /home/brandoncoding18/.nvm/versions/node/v20.10.0/lib/node_modules/npm/bin/node-gyp-bin:/mnt/c/Users/brand/WebDev/proj/kanbas/kanbas-node-server-app/node_modules/.bin:/home/brandoncoding18/.nvm/versions/node/v20.10.0/bin:/usr/local/sbin:/usr/local/bin:/usr/sbin:/usr/bin:/sbin:/bin:/usr/games:/usr/local/games:/usr/lib/wsl/lib:/mnt/c/Program Files (x86)/Microsoft SDKs/Azure/CLI2/wbin:/mnt/c/Program Files (x86)/Common Files/Oracle/Java/javapath:/mnt/c/Windows/system32:/mnt/c/Windows:/mnt/c/Windows/System32/Wbem:/mnt/c/Windows/System32/WindowsPowerShell/v1.0/:/mnt/c/Windows/System32/OpenSSH/:/mnt/c/Program Files (x86)/NVIDIA Corporation/PhysX/Common:/mnt/c/Program Files (x86)/dotnet/:/mnt/c/Program Files/dotnet/:/mnt/c/Program Files/NVIDIA Corporation/NVIDIA NvDLISR:/mnt/c/Program Files/nodejs/:/mnt/c/Users/brand/AppData/Local/Microsoft/WindowsApps:/mnt/c/Users/brand/AppData/Local/Programs/Microsoft VS Code/bin:/mnt/c/Users/brand/AppData/Roaming/npm:/snap/bin
10 verbose lifecycle kanbas-node-server-app@1.0.0~start: CWD: /mnt/c/Users/brand/WebDev/proj/kanbas/kanbas-node-server-app
11 silly lifecycle kanbas-node-server-app@1.0.0~start: Args: [ '-c', 'node app.js' ]
12 silly lifecycle kanbas-node-server-app@1.0.0~start: Returned: code: 1  signal: null
13 info lifecycle kanbas-node-server-app@1.0.0~start: Failed to exec start script
14 verbose stack Error: kanbas-node-server-app@1.0.0 start: `node app.js`
14 verbose stack Exit status 1
14 verbose stack     at EventEmitter.<anonymous> (/home/brandoncoding18/.nvm/versions/node/v20.10.0/lib/node_modules/npm/lib/utils/lifecycle.js:255:16)
14 verbose stack     at EventEmitter.emit (node:events:514:28)
14 verbose stack     at ChildProcess.<anonymous> (/home/brandoncoding18/.nvm/versions/node/v20.10.0/lib/node_modules/npm/lib/utils/spawn.js:40:14)
14 verbose stack     at ChildProcess.emit (node:events:514:28)
14 verbose stack     at maybeClose (node:internal/child_process:1105:16)
14 verbose stack     at ChildProcess._handle.onexit (node:internal/child_process:305:5)
15 verbose pkgid kanbas-node-server-app@1.0.0
16 verbose cwd /mnt/c/Users/brand/WebDev/proj/kanbas/kanbas-node-server-app
17 error Linux 5.15.133.1-microsoft-standard-WSL2
18 error argv "/home/brandoncoding18/.nvm/versions/node/v20.10.0/bin/node" "/home/brandoncoding18/.nvm/versions/node/v20.10.0/bin/npm" "start"
19 error node v20.10.0
20 error npm  v3.10.10
21 error code ELIFECYCLE
22 error kanbas-node-server-app@1.0.0 start: `node app.js`
22 error Exit status 1
23 error Failed at the kanbas-node-server-app@1.0.0 start script 'node app.js'.
23 error Make sure you have the latest version of node.js and npm installed.
23 error If you do, this is most likely a problem with the kanbas-node-server-app package,
23 error not with npm itself.
23 error Tell the author that this fails on your system:
23 error     node app.js
23 error You can get information on how to open an issue for this project with:
23 error     npm bugs kanbas-node-server-app
23 error Or if that isn't available, you can get their info via:
23 error     npm owner ls kanbas-node-server-app
23 error There is likely additional logging output above.
24 verbose exit [ 1, true ]
